<?xml version="1.0" encoding="UTF-8"?>
<!-- Generated by org.testng.reporters.JUnitXMLReporter -->
<testsuite hostname="DESKTOP-PRELGQE" ignored="8" name="Regression Test" tests="6" failures="0" timestamp="15 Nov 2019 19:23:32 GMT" time="0.091" errors="0">
  <testcase name="@BeforeSuite Startdriver" time="24.019" classname="tests.TestBase">
    <failure type="org.openqa.selenium.WebDriverException" message="Timed out waiting for driver server to start.
Build info: version: &amp;apos;3.14.0&amp;apos;, revision: &amp;apos;aacccce0&amp;apos;, time: &amp;apos;2018-08-02T20:19:58.91Z&amp;apos;
System info: host: &amp;apos;DESKTOP-PRELGQE&amp;apos;, ip: &amp;apos;192.168.1.4&amp;apos;, os.name: &amp;apos;Windows 10&amp;apos;, os.arch: &amp;apos;amd64&amp;apos;, os.version: &amp;apos;10.0&amp;apos;, java.version: &amp;apos;1.8.0_231&amp;apos;
Driver info: driver.version: PhantomJSDriver">
      <![CDATA[org.openqa.selenium.WebDriverException: Timed out waiting for driver server to start.
Build info: version: '3.14.0', revision: 'aacccce0', time: '2018-08-02T20:19:58.91Z'
System info: host: 'DESKTOP-PRELGQE', ip: '192.168.1.4', os.name: 'Windows 10', os.arch: 'amd64', os.version: '10.0', java.version: '1.8.0_231'
Driver info: driver.version: PhantomJSDriver
at org.openqa.selenium.remote.service.DriverService.waitUntilAvailable(DriverService.java:193)
at org.openqa.selenium.remote.service.DriverService.start(DriverService.java:179)
at org.openqa.selenium.phantomjs.PhantomJSCommandExecutor.execute(PhantomJSCommandExecutor.java:78)
at org.openqa.selenium.remote.RemoteWebDriver.execute(RemoteWebDriver.java:548)
at org.openqa.selenium.remote.RemoteWebDriver.startSession(RemoteWebDriver.java:212)
at org.openqa.selenium.remote.RemoteWebDriver.<init>(RemoteWebDriver.java:130)
at org.openqa.selenium.phantomjs.PhantomJSDriver.<init>(PhantomJSDriver.java:116)
at org.openqa.selenium.phantomjs.PhantomJSDriver.<init>(PhantomJSDriver.java:105)
at tests.TestBase.Startdriver(TestBase.java:59)
Caused by: org.openqa.selenium.net.UrlChecker$TimeoutException: Timed out waiting for [http://localhost:44199/status] to be available after 20067 ms
at org.openqa.selenium.net.UrlChecker.waitUntilAvailable(UrlChecker.java:100)
at org.openqa.selenium.remote.service.DriverService.waitUntilAvailable(DriverService.java:188)
... 28 more
Caused by: java.util.concurrent.TimeoutException
at java.util.concurrent.FutureTask.get(Unknown Source)
at com.google.common.util.concurrent.SimpleTimeLimiter.callWithTimeout(SimpleTimeLimiter.java:156)
at org.openqa.selenium.net.UrlChecker.waitUntilAvailable(UrlChecker.java:75)
... 29 more
... Removed 20 stack frames]]>
    </failure>
  </testcase> <!-- @BeforeSuite Startdriver -->
  <testcase name="@AfterMethod failtestcase" time="0.0" classname="tests.TestBase">
    <skipped/>
  </testcase> <!-- @AfterMethod failtestcase -->
  <testcase name="@AfterClass WaitAfterClass" time="0.0" classname="tests.TestBase">
    <skipped/>
  </testcase> <!-- @AfterClass WaitAfterClass -->
  <testcase name="@AfterMethod failtestcase" time="0.0" classname="tests.TestBase">
    <skipped/>
  </testcase> <!-- @AfterMethod failtestcase -->
  <testcase name="@AfterClass WaitAfterClass" time="0.0" classname="tests.TestBase">
    <skipped/>
  </testcase> <!-- @AfterClass WaitAfterClass -->
  <testcase name="@AfterMethod failtestcase" time="0.0" classname="tests.TestBase">
    <skipped/>
  </testcase> <!-- @AfterMethod failtestcase -->
  <testcase name="@AfterClass WaitAfterClass" time="0.0" classname="tests.TestBase">
    <skipped/>
  </testcase> <!-- @AfterClass WaitAfterClass -->
  <testcase name="@AfterMethod failtestcase" time="0.0" classname="tests.TestBase">
    <skipped/>
  </testcase> <!-- @AfterMethod failtestcase -->
  <testcase name="@AfterClass WaitAfterClass" time="0.0" classname="tests.TestBase">
    <skipped/>
  </testcase> <!-- @AfterClass WaitAfterClass -->
  <testcase name="@AfterMethod failtestcase" time="0.0" classname="tests.TestBase">
    <skipped/>
  </testcase> <!-- @AfterMethod failtestcase -->
  <testcase name="@AfterMethod failtestcase" time="0.0" classname="tests.TestBase">
    <skipped/>
  </testcase> <!-- @AfterMethod failtestcase -->
  <testcase name="@AfterClass WaitAfterClass" time="0.0" classname="tests.TestBase">
    <skipped/>
  </testcase> <!-- @AfterClass WaitAfterClass -->
  <testcase name="UserCanContactUs" time="0.0" classname="tests.ContactUsTestCase">
    <skipped/>
  </testcase> <!-- UserCanContactUs -->
  <testcase name="UserCanReguisterSuccessfully" time="0.0" classname="tests.UserRegisterWithJavaFakerTestCase">
    <skipped/>
  </testcase> <!-- UserCanReguisterSuccessfully -->
  <testcase name="UserCanSearchForProductAutoCompleteSuccessfully" time="0.0" classname="tests.UserSearchForProductAutoTestCase">
    <skipped/>
  </testcase> <!-- UserCanSearchForProductAutoCompleteSuccessfully -->
  <testcase name="UserCanSearchForProductSuccessfully" time="0.0" classname="tests.UserSearchForProductTestCase">
    <skipped/>
  </testcase> <!-- UserCanSearchForProductSuccessfully -->
  <testcase name="UserCanSearchForProductSuccessfully" time="0.0" classname="tests.UserCanChangeCurrencyTestCase">
    <skipped/>
  </testcase> <!-- UserCanSearchForProductSuccessfully -->
  <testcase name="UserChangeCurrency" time="0.0" classname="tests.UserCanChangeCurrencyTestCase">
    <skipped/>
  </testcase> <!-- UserChangeCurrency -->
  <testcase name="@AfterSuite StopDriver" time="0.0" classname="tests.TestBase">
    <ignored/>
  </testcase> <!-- @AfterSuite StopDriver -->
  <testcase name="@AfterSuite StopDriver" time="0.0" classname="tests.TestBase">
    <ignored/>
  </testcase> <!-- @AfterSuite StopDriver -->
  <testcase name="@AfterSuite StopDriver" time="0.0" classname="tests.TestBase">
    <ignored/>
  </testcase> <!-- @AfterSuite StopDriver -->
  <testcase name="@AfterSuite StopDriver" time="0.0" classname="tests.TestBase">
    <ignored/>
  </testcase> <!-- @AfterSuite StopDriver -->
  <testcase name="@BeforeSuite Startdriver" time="0.0" classname="tests.TestBase">
    <ignored/>
  </testcase> <!-- @BeforeSuite Startdriver -->
  <testcase name="@BeforeSuite Startdriver" time="0.0" classname="tests.TestBase">
    <ignored/>
  </testcase> <!-- @BeforeSuite Startdriver -->
  <testcase name="@BeforeSuite Startdriver" time="0.0" classname="tests.TestBase">
    <ignored/>
  </testcase> <!-- @BeforeSuite Startdriver -->
  <testcase name="@BeforeSuite Startdriver" time="0.0" classname="tests.TestBase">
    <ignored/>
  </testcase> <!-- @BeforeSuite Startdriver -->
</testsuite> <!-- Regression Test -->
